


ARM Macro Assembler    Page 1 


    1 00000000         ; Print.s
    2 00000000         ; Student names: change this to your names or look very 
                       silly
    3 00000000         ; Last modification date: change this to the last modifi
                       cation date or look very silly
    4 00000000         ; Runs on LM4F120 or TM4C123
    5 00000000         ; EE319K lab 7 device driver for any LCD
    6 00000000         ;
    7 00000000         ; As part of Lab 7, students need to implement these LCD
                       _OutDec and LCD_OutFix
    8 00000000         ; This driver assumes two low-level LCD functions
    9 00000000         ; ST7735_OutChar   outputs a single 8-bit ASCII characte
                       r
   10 00000000         ; ST7735_OutString outputs a null-terminated string 
   11 00000000         
   12 00000000                 IMPORT           ST7735_OutChar
   13 00000000                 IMPORT           ST7735_OutString
   14 00000000                 EXPORT           LCD_OutDec
   15 00000000                 EXPORT           LCD_OutFix
   16 00000000         
   17 00000000                 AREA             |.text|, CODE, READONLY, ALIGN=
2
   18 00000000                 THUMB
   19 00000000         
   20 00000000 00000000 
                       LV      EQU              0
   21 00000000         
   22 00000000 00000000 
                       C1      EQU              0
   23 00000000 00000004 
                       C2      EQU              4
   24 00000000 00000008 
                       C3      EQU              8
   25 00000000 0000000C 
                       C4      EQU              12
   26 00000000         
   27 00000000         
   28 00000000         ;-----------------------LCD_OutDec----------------------
                       -
   29 00000000         ; Output a 32-bit number in unsigned decimal format
   30 00000000         ; Input: R0 (call by value) 32-bit unsigned number
   31 00000000         ; Output: none
   32 00000000         ; Invariables: This function must not permanently modify
                        registers R4 to R11
   33 00000000         LCD_OutDec
   34 00000000         
   35 00000000 B082            SUB              SP, #8
   36 00000002 F8CD E000       STR              LR, [SP, #LV]
   37 00000006 280A            CMP              R0, #10     ;checks if the char
                                                            acter is less than 
                                                            10, if so ends
   38 00000008 D30E            BLO              OEND
   39 0000000A F04F 020A       MOV              R2, #10     ;make r2 number 10
   40 0000000E FBB0 F3F2       UDIV             R3, R0, R2  ;r3=r0/r2, or r3=in
                                                            put/10
   41 00000012 FB03 F102       MUL              R1, R3, R2  ;r1=r3*r2, or r1=(i
                                                            nput/10)*10
   42 00000016 EBA0 0101       SUB              R1, R0, R1  ;r1=remainder
   43 0000001A E92D 0802       PUSH             {R1, R11}   ;pushes remainder t



ARM Macro Assembler    Page 2 


                                                            o stack
   44 0000001E 0018            MOVS             R0, R3      ;r0=input/10
   45 00000020 F7FF FFFE       BL               LCD_OutDec
   46 00000024 E8BD 0801       POP              {R0, R11}
   47 00000028 F100 0030 
                       OEND    ADD              R0, R0, #0x30
   48 0000002C F7FF FFFE       BL               ST7735_OutChar
   49 00000030 F8DD E000       LDR              LR, [SP, #LV]
   50 00000034 B002            ADD              SP, #8
   51 00000036 4770            BX               LR
   52 00000038         
   53 00000038         ;* * * * * * * * End of LCD_OutDec * * * * * * * *
   54 00000038         
   55 00000038         ; -----------------------LCD _OutFix--------------------
                       --
   56 00000038         ; Output characters to LCD display in fixed-point format
                       
   57 00000038         ; unsigned decimal, resolution 0.001, range 0.000 to 9.9
                       99
   58 00000038         ; Inputs:  R0 is an unsigned 32-bit number
   59 00000038         ; Outputs: none
   60 00000038         ; E.g., R0=0,    then output "0.000 "
   61 00000038         ;       R0=3,    then output "0.003 "
   62 00000038         ;       R0=89,   then output "0.089 "
   63 00000038         ;       R0=123,  then output "0.123 "
   64 00000038         ;       R0=9999, then output "9.999 "
   65 00000038         ;       R0>9999, then output "*.*** "
   66 00000038         ; Invariables: This function must not permanently modify
                        registers R4 to R11
   67 00000038         LCD_OutFix
   68 00000038         
   69 00000038 B510            PUSH             {R4, LR}
   70 0000003A B084            SUB              SP, #16     ; Allocation
   71 0000003C F242 7410       MOV              R4, #10000  ;check if r0 is 100
                                                            00, if so output *.
                                                            ***
   72 00000040 42A0            CMP              R0, R4
   73 00000042 D229            BHS              STAR
   74 00000044         
   75 00000044 F04F 020A       MOV              R2, #10     ;make r2 number 10
   76 00000048 FBB0 F3F2       UDIV             R3, R0, R2  ;r3=r0/r2, or r3=in
                                                            put/10
   77 0000004C FB03 F102       MUL              R1, R3, R2  ;r1=r3*r2, or r1=(i
                                                            nput/10)*10
   78 00000050 EBA0 0101       SUB              R1, R0, R1  ;r1=remainder
   79 00000054 F101 0130       ADD              R1, #0x30
   80 00000058 9100            STR              R1, [SP, #C1]
   81 0000005A 0018            MOVS             R0, R3      ;r0=input/10
   82 0000005C         
   83 0000005C FBB0 F3F2       UDIV             R3, R0, R2  ;r3=r0/r2, or r3=in
                                                            put/10
   84 00000060 FB03 F102       MUL              R1, R3, R2  ;r1=r3*r2, or r1=(i
                                                            nput/10)*10
   85 00000064 EBA0 0101       SUB              R1, R0, R1  ;r1=remainder
   86 00000068 F101 0130       ADD              R1, #0x30
   87 0000006C 9101            STR              R1, [SP, #C2]
   88 0000006E 0018            MOVS             R0, R3      ;r0=input/10
   89 00000070         
   90 00000070 FBB0 F3F2       UDIV             R3, R0, R2  ;r3=r0/r2, or r3=in



ARM Macro Assembler    Page 3 


                                                            put/10
   91 00000074 FB03 F102       MUL              R1, R3, R2  ;r1=r3*r2, or r1=(i
                                                            nput/10)*10
   92 00000078 EBA0 0101       SUB              R1, R0, R1  ;r1=remainder
   93 0000007C F101 0130       ADD              R1, #0x30
   94 00000080 9102            STR              R1, [SP, #C3]
   95 00000082 0018            MOVS             R0, R3      ;r0=input/10
   96 00000084         
   97 00000084 FBB0 F3F2       UDIV             R3, R0, R2  ;r3=r0/r2, or r3=in
                                                            put/10
   98 00000088 FB03 F102       MUL              R1, R3, R2  ;r1=r3*r2, or r1=(i
                                                            nput/10)*10
   99 0000008C EBA0 0101       SUB              R1, R0, R1  ;r1=remainder
  100 00000090 F101 0130       ADD              R1, #0x30
  101 00000094 9103            STR              R1, [SP, #C4]
  102 00000096         
  103 00000096 E005            B                OUT
  104 00000098         STAR
  105 00000098 F04F 002A       MOV              R0, #0x2A
  106 0000009C 9000            STR              R0, [SP, #C1]
  107 0000009E 9001            STR              R0, [SP, #C2]
  108 000000A0 9002            STR              R0, [SP, #C3]
  109 000000A2 9003            STR              R0, [SP, #C4]
  110 000000A4         
  111 000000A4 9803    OUT     LDR              R0, [SP, #C4]
  112 000000A6 F7FF FFFE       BL               ST7735_OutChar
  113 000000AA F04F 002E       MOV              R0, #0x2E
  114 000000AE F7FF FFFE       BL               ST7735_OutChar
  115 000000B2 9802            LDR              R0, [SP, #C3]
  116 000000B4 F7FF FFFE       BL               ST7735_OutChar
  117 000000B8 9801            LDR              R0, [SP, #C2]
  118 000000BA F7FF FFFE       BL               ST7735_OutChar
  119 000000BE 9800            LDR              R0, [SP, #C1]
  120 000000C0 F7FF FFFE       BL               ST7735_OutChar
  121 000000C4 B004            ADD              SP, #16
  122 000000C6 BD10            POP              {R4, PC}
  123 000000C8         
  124 000000C8 4770            BX               LR
  125 000000CA         
  126 000000CA 00 00           ALIGN
  127 000000CC         ;* * * * * * * * End of LCD_OutFix * * * * * * * *
  128 000000CC         
  129 000000CC                 ALIGN                        ; make sure the end
                                                             of this section is
                                                             aligned
  130 000000CC                 END                          ; end of file
Command Line: --debug --xref --cpu=Cortex-M4 --apcs=interwork --depend=.\print.
d -o.\print.o -IC:\Keil\ARM\RV31\INC -IC:\Keil\ARM\CMSIS\Include -IC:\Keil\ARM\
Inc\Luminary --predefine="__EVAL SETA 1" --list=.\print.lst Print.s



ARM Macro Assembler    Page 1 Alphabetic symbol ordering
Relocatable symbols

.text 00000000

Symbol: .text
   Definitions
      At line 17 in file Print.s
   Uses
      None
Comment: .text unused
LCD_OutDec 00000000

Symbol: LCD_OutDec
   Definitions
      At line 33 in file Print.s
   Uses
      At line 14 in file Print.s
      At line 45 in file Print.s

LCD_OutFix 00000038

Symbol: LCD_OutFix
   Definitions
      At line 67 in file Print.s
   Uses
      At line 15 in file Print.s
Comment: LCD_OutFix used once
OEND 00000028

Symbol: OEND
   Definitions
      At line 47 in file Print.s
   Uses
      At line 38 in file Print.s
Comment: OEND used once
OUT 000000A4

Symbol: OUT
   Definitions
      At line 111 in file Print.s
   Uses
      At line 103 in file Print.s
Comment: OUT used once
STAR 00000098

Symbol: STAR
   Definitions
      At line 104 in file Print.s
   Uses
      At line 73 in file Print.s
Comment: STAR used once
6 symbols



ARM Macro Assembler    Page 1 Alphabetic symbol ordering
Absolute symbols

C1 00000000

Symbol: C1
   Definitions
      At line 22 in file Print.s
   Uses
      At line 80 in file Print.s
      At line 106 in file Print.s
      At line 119 in file Print.s

C2 00000004

Symbol: C2
   Definitions
      At line 23 in file Print.s
   Uses
      At line 87 in file Print.s
      At line 107 in file Print.s
      At line 117 in file Print.s

C3 00000008

Symbol: C3
   Definitions
      At line 24 in file Print.s
   Uses
      At line 94 in file Print.s
      At line 108 in file Print.s
      At line 115 in file Print.s

C4 0000000C

Symbol: C4
   Definitions
      At line 25 in file Print.s
   Uses
      At line 101 in file Print.s
      At line 109 in file Print.s
      At line 111 in file Print.s

LV 00000000

Symbol: LV
   Definitions
      At line 20 in file Print.s
   Uses
      At line 36 in file Print.s
      At line 49 in file Print.s

5 symbols



ARM Macro Assembler    Page 1 Alphabetic symbol ordering
External symbols

ST7735_OutChar 00000000

Symbol: ST7735_OutChar
   Definitions
      At line 12 in file Print.s
   Uses
      At line 48 in file Print.s
      At line 112 in file Print.s
      At line 114 in file Print.s
      At line 116 in file Print.s
      At line 118 in file Print.s
      At line 120 in file Print.s

ST7735_OutString 00000000

Symbol: ST7735_OutString
   Definitions
      At line 13 in file Print.s
   Uses
      None
Comment: ST7735_OutString unused
2 symbols
344 symbols in table
